Arguments: 
  /Users/sh/.nvm/versions/node/v11.15.0/bin/node /usr/local/bin/yarn

PATH: 
  /Users/sh/.nvm/versions/node/v11.15.0/bin:/Users/sh/grin:/usr/local/share/python:/Library/Frameworks/Python.framework/Versions/3.7/bin:/Library/Frameworks/Python.framework/Versions/3.6/bin:/Library/Frameworks/Python.framework/Versions/3.5/bin:/usr/local/bin:/usr/bin:/bin:/usr/sbin:/sbin:/usr/local/go/bin:/Applications/Postgres.app/Contents/Versions/latest/bin:/Users/sh/.darknode/bin:/Users/sh/go/bin

Yarn version: 
  1.3.2

Node version: 
  11.15.0

Platform: 
  darwin x64

npm manifest: 
  {
    "name": "uniswap",
    "description": "Uniswap Exchange Protocol",
    "version": "0.1.0",
    "homepage": "https://uniswap.exchange",
    "private": true,
    "dependencies": {
      "@reach/dialog": "^0.2.8",
      "@reach/tooltip": "^0.2.0",
      "@reach/utils": "^0.2.3",
      "copy-to-clipboard": "^3.2.0",
      "ens-login-sdk": "1.0.0",
      "escape-string-regexp": "^2.0.0",
      "ethers": "^4.0.28",
      "i18next": "^15.0.9",
      "i18next-browser-languagedetector": "^3.0.1",
      "i18next-xhr-backend": "^2.0.1",
      "jazzicon": "^1.5.0",
      "polished": "^3.3.2",
      "react": "^16.8.6",
      "react-device-detect": "^1.6.2",
      "react-dom": "^16.8.6",
      "react-feather": "^1.1.6",
      "react-ga": "^2.5.7",
      "react-i18next": "^10.7.0",
      "react-router-dom": "^5.0.0",
      "react-scripts": "^3.0.1",
      "react-spring": "^8.0.20",
      "styled-components": "^4.2.0",
      "toastr": "^2.1.4",
      "web3-react": "^5.0.4"
    },
    "scripts": {
      "start": "REACT_APP_NETWORK=localhost react-scripts --max-old-space-size=4096 start",
      "build": "npm run build:mainnet",
      "build:mainnet": "REACT_APP_NETWORK=kovan react-scripts --max-old-space-size=4096 build ",
      "build:kovan": "REACT_APP_NETWORK=kovan react-scripts --max-old-space-size=4096 build",
      "test": "react-scripts test --env=jsdom",
      "eject": "react-scripts eject",
      "lint:base": "yarn eslint './src/**/*.{js,jsx}'",
      "format:base": "yarn prettier './src/**/*.{js,jsx,scss}'",
      "fix:lint": "yarn lint:base --fix",
      "fix:format": "yarn format:base --write",
      "fix:all": "yarn fix:lint && yarn fix:format",
      "check:lint": "yarn lint:base",
      "check:format": "yarn format:base --check",
      "check:all": "yarn check:lint && yarn check:format"
    },
    "eslintConfig": {
      "extends": "react-app"
    },
    "browserslist": {
      "production": [
        ">0.2%",
        "not dead",
        "not op_mini all"
      ],
      "development": [
        "last 1 chrome version",
        "last 1 firefox version",
        "last 1 safari version"
      ]
    },
    "license": "GPL-3.0-or-later",
    "devDependencies": {
      "prettier": "^1.17.0"
    }
  }

yarn manifest: 
  No manifest

Lockfile: 
  No lockfile

Trace: 
  Error: https://registry.yarnpkg.com/ens-login-sdk: Not found
      at Request.params.callback [as _callback] (/usr/local/lib/node_modules/yarn/lib/cli.js:62098:18)
      at Request.self.callback (/usr/local/lib/node_modules/yarn/lib/cli.js:123085:22)
      at Request.emit (events.js:193:13)
      at Request.<anonymous> (/usr/local/lib/node_modules/yarn/lib/cli.js:124068:10)
      at Request.emit (events.js:193:13)
      at IncomingMessage.<anonymous> (/usr/local/lib/node_modules/yarn/lib/cli.js:123988:12)
      at Object.onceWrapper (events.js:281:20)
      at IncomingMessage.emit (events.js:198:15)
      at endReadableNT (_stream_readable.js:1139:12)
      at processTicksAndRejections (internal/process/task_queues.js:81:17)
